[debug] [2025-12-30T12:27:17.115Z] ----------------------------------------------------------------------
[debug] [2025-12-30T12:27:17.117Z] Command:       /nix/store/ixbb20farqh1f4fqbmsn6b1ixn8mc8ij-nodejs-20.18.1/bin/node /home/user/.global_modules/bin/firebase init hosting
[debug] [2025-12-30T12:27:17.117Z] CLI Version:   15.1.0
[debug] [2025-12-30T12:27:17.117Z] Platform:      linux
[debug] [2025-12-30T12:27:17.118Z] Node Version:  v20.18.1
[debug] [2025-12-30T12:27:17.118Z] Time:          Tue Dec 30 2025 12:27:17 GMT+0000 (Coordinated Universal Time)
[debug] [2025-12-30T12:27:17.118Z] ----------------------------------------------------------------------
[debug] 
[debug] [2025-12-30T12:27:17.964Z] Checked if tokens are valid: true, expires at: 1767100252796
[debug] [2025-12-30T12:27:17.964Z] Checked if tokens are valid: true, expires at: 1767100252796
[debug] [2025-12-30T12:27:17.967Z] >>> [apiv2][query] GET https://monospace-pa.googleapis.com/v1/workspaces/idx-73866244 [none]
[debug] [2025-12-30T12:27:18.830Z] <<< [apiv2][status] GET https://monospace-pa.googleapis.com/v1/workspaces/idx-73866244 200
[debug] [2025-12-30T12:27:18.830Z] <<< [apiv2][body] GET https://monospace-pa.googleapis.com/v1/workspaces/idx-73866244 {"workspaceId":"idx-73866244","name":"idx","workspaceRedirectUrl":"firebase-idx-1766931918420.cluster-2nmnojxdmnfh2vwda4kd7uoumu.cloudworkstations.dev","status":"WORKSPACE_STATUS_RUNNING","lastAccessDatetime":"2025-12-30T11:50:00.552570Z","workspaceTemplate":"WORKSPACE_TEMPLATE_FLUTTER","owner":"SELF","serviceAccountEmail":"msp-1678728607190628606@monospace-2.iam.gserviceaccount.com","gitRepoUrl":"https://github.com/firas103103-oss/idx","enableNix":true,"ownerEmail":"firas103103@gmail.com","workstationAccessToken":"eyJhbGciOiJSUzI1NiIsInR5cCI6IkpXVCJ9.eyJpc3MiOiJodHRwczovL2Nsb3VkLmdvb2dsZS5jb20vd29ya3N0YXRpb25zIiwiYXVkIjoiZmlyZWJhc2UtaWR4LTE3NjY5MzE5MTg0MjAuY2x1c3Rlci0ybm1ub2p4ZG1uZmgydndkYTRrZDd1b3VtdS5jbG91ZHdvcmtzdGF0aW9ucy5kZXYiLCJpYXQiOjE3NjcwOTc2MzgsImV4cCI6MTc2NzE4NDAzOH0.BdNUVekk8rfD6InUNQa2P-ZsgpuK4tdFxcrdWc4sald3NVoUzDtQxyYmnl3ZWCUBQ0-ly8m889RFovehDSTAzBJ-IKxFk92AGnX-jDVcAwk4U2PLSTr7sb0k4vehBBPxfLWMkxoOl00ETmplZ-0UEdCMhBIFOTxDfQWo_nedPH5fQQti67kUo2EG1y01BwSwgmSKb9Com-wge5FcJh1mjXphJLswTGlQWmKFQQNZGy1-vopsW2BiF9k-nuiWvCQ6IjJGlnvq85ZWsa2jBGJFhaCkE-XH9gg3i-DtD6yd0M7lBgrNFnsCEz6PMVrfagpKQPBLKKppJjBmdodWJH2_yA","firebaseProjectId":"idx-73866244-df563"}
[info] 
     ######## #### ########  ######## ########     ###     ######  ########
     ##        ##  ##     ## ##       ##     ##  ##   ##  ##       ##
     ######    ##  ########  ######   ########  #########  ######  ######
     ##        ##  ##    ##  ##       ##     ## ##     ##       ## ##
     ##       #### ##     ## ######## ########  ##     ##  ######  ########

You're about to initialize a Firebase project in this directory:

  /home/user/idx

Before we get started, keep in mind:

  * You are initializing within an existing Firebase project directory

[info] 
=== Project Setup
[info] 
[info] First, let's associate this project directory with a Firebase project.
[info] You can create multiple project aliases by running firebase use --add, 
[info] 
[debug] [2025-12-30T12:27:18.834Z] > command requires scopes: ["email","openid","https://www.googleapis.com/auth/cloudplatformprojects.readonly","https://www.googleapis.com/auth/firebase","https://www.googleapis.com/auth/cloud-platform","https://www.googleapis.com/auth/userinfo.email"]
[debug] [2025-12-30T12:27:18.834Z] > authorizing via signed-in user (firas103103@gmail.com)
[debug] [2025-12-30T12:27:18.834Z] Checked if tokens are valid: true, expires at: 1767100252796
[debug] [2025-12-30T12:27:18.835Z] Checked if tokens are valid: true, expires at: 1767100252796
[debug] [2025-12-30T12:27:18.835Z] >>> [apiv2][query] GET https://firebase.googleapis.com/v1beta1/projects/idx-73866244-df563 [none]
[debug] [2025-12-30T12:27:19.108Z] <<< [apiv2][status] GET https://firebase.googleapis.com/v1beta1/projects/idx-73866244-df563 200
[debug] [2025-12-30T12:27:19.108Z] <<< [apiv2][body] GET https://firebase.googleapis.com/v1beta1/projects/idx-73866244-df563 {"projectId":"idx-73866244-df563","projectNumber":"947174604504","displayName":"Firebase app","name":"projects/idx-73866244-df563","resources":{"hostingSite":"idx-73866244-df563"},"state":"ACTIVE","etag":"1_c8b717d2-2291-42e4-a6a8-48da7900bf0d"}
[info] i  Using project idx-73866244-df563 (Firebase app) . 
[info] 
=== Hosting Setup
[debug] [2025-12-30T12:27:19.120Z] Checked if tokens are valid: true, expires at: 1767100252796
[debug] [2025-12-30T12:27:19.120Z] Checked if tokens are valid: true, expires at: 1767100252796
[debug] [2025-12-30T12:27:19.120Z] >>> [apiv2][query] GET https://firebase.googleapis.com/v1beta1/projects/idx-73866244-df563 [none]
[debug] [2025-12-30T12:27:19.390Z] <<< [apiv2][status] GET https://firebase.googleapis.com/v1beta1/projects/idx-73866244-df563 200
[debug] [2025-12-30T12:27:19.390Z] <<< [apiv2][body] GET https://firebase.googleapis.com/v1beta1/projects/idx-73866244-df563 {"projectId":"idx-73866244-df563","projectNumber":"947174604504","displayName":"Firebase app","name":"projects/idx-73866244-df563","resources":{"hostingSite":"idx-73866244-df563"},"state":"ACTIVE","etag":"1_c8b717d2-2291-42e4-a6a8-48da7900bf0d"}
